2012-11-17 10:23:22.135 SoundShot[1032:c07] Multi-tasking -> Device: YES, App: YES
2012-11-17 10:23:22.278 SoundShot[1032:c07] [LOG] Received Event: deviceready
2012-11-17 10:38:53.201 SoundShot[1306:c07] Multi-tasking -> Device: YES, App: YES
2012-11-17 10:38:53.319 SoundShot[1306:c07] [LOG] Received Event: deviceready
Terminating in response to SpringBoard's termination.
2012-11-17 10:40:10.356 SoundShot[1349:c07] Multi-tasking -> Device: YES, App: YES
2012-11-17 10:40:10.501 SoundShot[1349:c07] [LOG] Received Event: deviceready
2012-11-17 12:31:45.855 SoundShot[2520:c07] Multi-tasking -> Device: YES, App: YES
2012-11-17 12:31:46.020 SoundShot[2520:c07] [LOG] Received Event: deviceready
2012-11-17 12:37:00.881 SoundShot[2659:c07] Multi-tasking -> Device: YES, App: YES
2012-11-17 12:38:36.819 SoundShot[2807:c07] Multi-tasking -> Device: YES, App: YES
2012-11-17 13:20:35.391 SoundShot[3598:c07] Multi-tasking -> Device: YES, App: YES
2012-11-17 13:25:06.247 SoundShot[3833:c07] Multi-tasking -> Device: YES, App: YES
2012-11-17 13:26:03.783 SoundShot[3956:c07] Multi-tasking -> Device: YES, App: YES
2012-11-17 13:26:26.377 SoundShot[3974:c07] Multi-tasking -> Device: YES, App: YES
2012-11-17 13:26:38.367 SoundShot[3988:c07] Multi-tasking -> Device: YES, App: YES
2012-11-17 13:26:57.226 SoundShot[4001:c07] Multi-tasking -> Device: YES, App: YES
2012-11-17 13:27:11.888 SoundShot[4120:c07] Multi-tasking -> Device: YES, App: YES
2012-11-17 14:10:43.537 SoundShot[5239:c07] Multi-tasking -> Device: YES, App: YES
2012-11-17 14:10:49.361 SoundShot[5239:c07] [LOG] start
2012-11-17 14:11:15.074 SoundShot[5254:c07] Multi-tasking -> Device: YES, App: YES
2012-11-17 14:11:33.699 SoundShot[5374:c07] Multi-tasking -> Device: YES, App: YES
Terminating in response to SpringBoard's termination.
2012-11-17 14:32:41.376 SoundShot[5716:c07] Multi-tasking -> Device: YES, App: YES
2012-11-17 14:32:45.316 SoundShot[5716:c07] [LOG] start
2012-11-17 14:32:46.974 SoundShot[5716:c07] [LOG] DEPRECATED: Update your code to use 'toURL'
2012-11-17 14:32:46.975 SoundShot[5716:c07] [LOG] file://localhost/Users/wspaetzel/Library/Application Support/iPhone Simulator/6.0/Applications/B090DE13-843D-4B50-85CF-FB0BDCCB4C6E/Documents/test.wav
2012-11-17 14:32:46.976 SoundShot[5716:c07] Will attempt to use file resource 'file://localhost/Users/wspaetzel/Library/Application Support/iPhone Simulator/6.0/Applications/B090DE13-843D-4B50-85CF-FB0BDCCB4C6E/Documents/test.wav'
2012-11-17 14:32:46.977 SoundShot[5716:c07] Unknown resource 'file://localhost/Users/wspaetzel/Library/Application Support/iPhone Simulator/6.0/Applications/B090DE13-843D-4B50-85CF-FB0BDCCB4C6E/Documents/test.wav'
2012-11-17 14:32:50.880 SoundShot[5716:c07] Will attempt to use file resource 'file://localhost/Users/wspaetzel/Library/Application Support/iPhone Simulator/6.0/Applications/B090DE13-843D-4B50-85CF-FB0BDCCB4C6E/Documents/test.wav'
2012-11-17 14:32:50.882 SoundShot[5716:c07] Unknown resource 'file://localhost/Users/wspaetzel/Library/Application Support/iPhone Simulator/6.0/Applications/B090DE13-843D-4B50-85CF-FB0BDCCB4C6E/Documents/test.wav'
2012-11-17 14:32:51.520 SoundShot[5716:c07] Could not start recording audio, file '(null)' does not exist.
2012-11-17 14:45:32.259 SoundShot[6000:c07] Multi-tasking -> Device: YES, App: YES
2012-11-17 14:45:38.825 SoundShot[6000:c07] [LOG] start
2012-11-17 14:46:14.892 SoundShot[6023:c07] Multi-tasking -> Device: YES, App: YES
2012-11-17 14:46:42.547 SoundShot[6023:c07] [LOG] start
2012-11-17 14:47:14.835 SoundShot[6147:c07] Multi-tasking -> Device: YES, App: YES
2012-11-17 14:47:17.808 SoundShot[6147:c07] [LOG] start
2012-11-17 14:51:16.277 SoundShot[6282:c07] Multi-tasking -> Device: YES, App: YES
2012-11-17 14:51:36.964 SoundShot[6282:c07] [LOG] start
